2025-08-02 19:49:25,727 - INFO - Started generating bar chart for monthly volume.
2025-08-02 19:49:25,727 - INFO - Top 5 highest closing prices calculated.
2025-08-02 19:49:27,214 - INFO - Stock analysis program started.
2025-08-02 23:46:54,919 - INFO - Started generating bar chart for monthly volume.
2025-08-02 23:46:54,919 - INFO - Top 5 highest closing prices calculated.
2025-08-02 23:46:55,720 - INFO - Stock analysis program started.
2025-08-02 23:47:27,721 - INFO - Started generating bar chart for monthly volume.
2025-08-02 23:47:27,721 - INFO - Top 5 highest closing prices calculated.
2025-08-02 23:47:29,027 - INFO - StockApp initialized with tabs. Awaiting csv upload by user
2025-08-02 23:47:57,644 - ERROR - Error loading CSV: 'C:/Users/PATRIKA CHATTERJEE/Desktop/revaturestocknew/data/stock_data.csv' and 'data\\stock_data.csv' are the same file
2025-08-02 23:48:02,791 - INFO - Analysis ran successfully.
2025-08-02 23:48:05,134 - INFO - Analysis ran successfully.
2025-08-02 23:48:07,333 - INFO - Analysis ran successfully.
2025-08-02 23:48:10,223 - INFO - Analysis ran successfully.
2025-08-02 23:48:12,678 - INFO - Analysis ran successfully.
2025-08-02 23:48:13,924 - INFO - Graph Rendered successfully.
2025-08-02 23:48:19,463 - INFO - Graph Rendered successfully.
2025-08-02 23:48:20,638 - INFO - Graph Rendered successfully.
2025-08-02 23:48:23,462 - INFO - Graph Rendered successfully.
2025-08-02 23:48:24,223 - INFO - Graph Rendered successfully.
2025-08-02 23:48:29,515 - INFO - Graph Rendered successfully.
2025-08-02 23:48:30,343 - INFO - Graph Rendered successfully.
2025-08-02 23:48:31,797 - INFO - Analysis ran successfully.
2025-08-06 18:15:09,088 - INFO - Started generating bar chart for monthly volume.
2025-08-06 18:15:09,089 - INFO - Top 5 highest closing prices calculated.
2025-08-06 18:15:10,264 - INFO - Stock analysis program started.
2025-08-06 18:50:18,641 - INFO - Started generating bar chart for monthly volume.
2025-08-06 18:50:18,641 - INFO - Top 5 highest closing prices calculated.
2025-08-06 18:50:19,164 - INFO - Stock analysis program started.
